<?xml version="1.0" encoding="UTF-8"?>
<testsuite xmlns:xsi="http://www.w3.org/2001/XMLSchema-instance" xsi:noNamespaceSchemaLocation="https://maven.apache.org/surefire/maven-surefire-plugin/xsd/surefire-test-report.xsd" name="com.vholvetskyi.ideas.input.UserInputCommandTest" time="0.032" tests="3" errors="0" skipped="0" failures="0">
  <properties>
[...]
</properties>
  <testcase name="should_build_correct_user_input_command_with_multiple_params" classname="com.vholvetskyi.ideas.input.UserInputCommandTest" time="0.022"/>
  <testcase name="should_build_correct_user_input_command_without_params" classname="com.vholvetskyi.ideas.input.UserInputCommandTest" time="0"/>
  <testcase name="should_build_correct_user_input_command" classname="com.vholvetskyi.ideas.input.UserInputCommandTest" time="0"/>
</testsuite>